<?xml version="1.0" encoding="UTF-8"?>
<testng-results skipped="0" failed="0" total="1" passed="1">
  <reporter-output>
  </reporter-output>
  <suite name="Suite" duration-ms="26688" started-at="2020-02-03T19:34:12Z" finished-at="2020-02-03T19:34:39Z">
    <groups>
    </groups>
    <test name="Test" duration-ms="26688" started-at="2020-02-03T19:34:12Z" finished-at="2020-02-03T19:34:39Z">
      <class name="example.NewTest">
        <test-method status="PASS" signature="b1()[pri:0, instance:example.NewTest@39aeed2f]" name="b1" is-config="true" duration-ms="20752" started-at="2020-02-03T20:34:12Z" finished-at="2020-02-03T20:34:33Z">
          <reporter-output>
          </reporter-output>
        </test-method> <!-- b1 -->
        <test-method status="PASS" signature="f()[pri:0, instance:example.NewTest@39aeed2f]" name="f" duration-ms="3727" started-at="2020-02-03T20:34:33Z" finished-at="2020-02-03T20:34:37Z">
          <reporter-output>
          </reporter-output>
        </test-method> <!-- f -->
        <test-method status="PASS" signature="b2()[pri:0, instance:example.NewTest@39aeed2f]" name="b2" is-config="true" duration-ms="2186" started-at="2020-02-03T20:34:37Z" finished-at="2020-02-03T20:34:39Z">
          <reporter-output>
          </reporter-output>
        </test-method> <!-- b2 -->
      </class> <!-- example.NewTest -->
    </test> <!-- Test -->
  </suite> <!-- Suite -->
</testng-results>
